\BOOKMARK [0][-]{chapter.1}{Elementary Particles and Forces}{}% 1
\BOOKMARK [1][-]{section.1.1}{Elementary Particles}{chapter.1}% 2
\BOOKMARK [1][-]{section.1.2}{Forces}{chapter.1}% 3
\BOOKMARK [1][-]{section.1.3}{Standard model of particle physics}{chapter.1}% 4
\BOOKMARK [1][-]{section.1.4}{Properties of fundamental particles}{chapter.1}% 5
\BOOKMARK [1][-]{section.1.5}{Non-Fundamental \(composite\) particles}{chapter.1}% 6
\BOOKMARK [1][-]{section.1.6}{Feynman Diagrams}{chapter.1}% 7
\BOOKMARK [1][-]{section.1.7}{More on Mesons}{chapter.1}% 8
\BOOKMARK [1][-]{section.1.8}{Further reading}{chapter.1}% 9
\BOOKMARK [0][-]{chapter.2}{Special Relativity}{}% 10
\BOOKMARK [1][-]{section.2.1}{Disclaimer}{chapter.2}% 11
\BOOKMARK [1][-]{section.2.2}{4-vectors}{chapter.2}% 12
\BOOKMARK [1][-]{section.2.3}{Frames \(center-of-mass, lab\) and transforming between frames}{chapter.2}% 13
\BOOKMARK [1][-]{section.2.4}{Length of 4 vectors}{chapter.2}% 14
\BOOKMARK [1][-]{section.2.5}{HEP units}{chapter.2}% 15
\BOOKMARK [1][-]{section.2.6}{Lifetimes of particles}{chapter.2}% 16
\BOOKMARK [1][-]{section.2.7}{Breit-Wigner}{chapter.2}% 17
\BOOKMARK [1][-]{section.2.8}{The coordinate system for a collider experiment}{chapter.2}% 18
\BOOKMARK [1][-]{section.2.9}{Collisions \(conservation of 4-momentum\)}{chapter.2}% 19
\BOOKMARK [1][-]{section.2.10}{Rapidity and Pseudorapidity}{chapter.2}% 20
\BOOKMARK [1][-]{section.2.11}{Further reading}{chapter.2}% 21
\BOOKMARK [0][-]{chapter.3}{Particle Interactions with matter}{}% 22
\BOOKMARK [1][-]{section.3.1}{Introduction}{chapter.3}% 23
\BOOKMARK [1][-]{section.3.2}{Interactions of charged particles with matter}{chapter.3}% 24
\BOOKMARK [1][-]{section.3.3}{Interactions of gamma rays with matter}{chapter.3}% 25
\BOOKMARK [0][-]{chapter.4}{Statistics}{}% 26
\BOOKMARK [1][-]{section.4.1}{Statistics}{chapter.4}% 27
\BOOKMARK [0][-]{chapter.5}{Particle accelerators}{}% 28
\BOOKMARK [1][-]{section.5.1}{Disclaimer}{chapter.5}% 29
\BOOKMARK [0][-]{chapter.6}{Calorimeters}{}% 30
\BOOKMARK [1][-]{section.6.1}{Disclaimer}{chapter.6}% 31
\BOOKMARK [0][-]{chapter.7}{Trackers}{}% 32
\BOOKMARK [1][-]{section.7.1}{Trackers}{chapter.7}% 33
\BOOKMARK [0][-]{chapter.8}{Particle Identification}{}% 34
\BOOKMARK [1][-]{section.8.1}{Disclaimer}{chapter.8}% 35
\BOOKMARK [0][-]{chapter.9}{The LHC Detectors}{}% 36
\BOOKMARK [1][-]{section.9.1}{The LHC Detectors}{chapter.9}% 37
\BOOKMARK [0][-]{chapter.10}{Structure of the proton and proton-proton collisions}{}% 38
\BOOKMARK [1][-]{section.10.1}{Cross section}{chapter.10}% 39
\BOOKMARK [1][-]{section.10.2}{s, t, u, and q squared}{chapter.10}% 40
\BOOKMARK [1][-]{section.10.3}{What is in a Proton}{chapter.10}% 41
\BOOKMARK [1][-]{section.10.4}{Calculation of a cross section in proton proton collisions}{chapter.10}% 42
\BOOKMARK [1][-]{section.10.5}{What happens when two protons collide?}{chapter.10}% 43
\BOOKMARK [1][-]{section.10.6}{Minimum bias interaction}{chapter.10}% 44
\BOOKMARK [1][-]{section.10.7}{Jets}{chapter.10}% 45
\BOOKMARK [1][-]{section.10.8}{Further Reading}{chapter.10}% 46
\BOOKMARK [0][-]{chapter.11}{Monte Carlos}{}% 47
\BOOKMARK [1][-]{section.11.1}{Disclaimer}{chapter.11}% 48
\BOOKMARK [0][-]{chapter.12}{Higgs Discovery}{}% 49
\BOOKMARK [1][-]{section.12.1}{higgs to four leptons}{chapter.12}% 50
